# JRE version: OpenJDK Runtime Environment (8.0_302-b08) (build 1.8.0_302-b08)
# Java VM: OpenJDK 64-Bit Server VM (25.302-b08 mixed mode windows-amd64 compressed oops)
Heap:
 PSYoungGen      total 71680K, used 4050K [0x00000000d5b00000, 0x00000000df900000, 0x0000000100000000)
  eden space 66560K, 6% used [0x00000000d5b00000,0x00000000d5ef4958,0x00000000d9c00000)
  from space 5120K, 0% used [0x00000000d9c00000,0x00000000d9c00000,0x00000000da100000)
  to   space 14336K, 0% used [0x00000000deb00000,0x00000000deb00000,0x00000000df900000)
 ParOldGen       total 82432K, used 21677K [0x0000000081000000, 0x0000000086080000, 0x00000000d5b00000)
  object space 82432K, 26% used [0x0000000081000000,0x000000008252b780,0x0000000086080000)
 Metaspace       used 21365K, capacity 21656K, committed 21760K, reserved 1069056K
  class space    used 2698K, capacity 2768K, committed 2816K, reserved 1048576K
GC Heap History (10 events):
Event: 1.102 GC heap before
{Heap before GC invocations=2 (full 0):
 PSYoungGen      total 38400K, used 38371K [0x00000000d5b00000, 0x00000000d8580000, 0x0000000100000000)
  eden space 33280K, 100% used [0x00000000d5b00000,0x00000000d7b80000,0x00000000d7b80000)
  from space 5120K, 99% used [0x00000000d7b80000,0x00000000d8078f98,0x00000000d8080000)
  to   space 5120K, 0% used [0x00000000d8080000,0x00000000d8080000,0x00000000d8580000)
 ParOldGen       total 87552K, used 1718K [0x0000000081000000, 0x0000000086580000, 0x00000000d5b00000)
  object space 87552K, 1% used [0x0000000081000000,0x00000000811adb10,0x0000000086580000)
 Metaspace       used 8713K, capacity 8808K, committed 9088K, reserved 1056768K
  class space    used 1041K, capacity 1076K, committed 1152K, reserved 1048576K
Event: 1.114 GC heap after
Heap after GC invocations=2 (full 0):
 PSYoungGen      total 38400K, used 5106K [0x00000000d5b00000, 0x00000000da600000, 0x0000000100000000)
  eden space 33280K, 0% used [0x00000000d5b00000,0x00000000d5b00000,0x00000000d7b80000)
  from space 5120K, 99% used [0x00000000d8080000,0x00000000d857c8b8,0x00000000d8580000)
  to   space 5120K, 0% used [0x00000000d7b80000,0x00000000d7b80000,0x00000000d8080000)
 ParOldGen       total 87552K, used 11239K [0x0000000081000000, 0x0000000086580000, 0x00000000d5b00000)
  object space 87552K, 12% used [0x0000000081000000,0x0000000081af9da0,0x0000000086580000)
 Metaspace       used 8713K, capacity 8808K, committed 9088K, reserved 1056768K
  class space    used 1041K, capacity 1076K, committed 1152K, reserved 1048576K
}
Event: 1.487 GC heap before
{Heap before GC invocations=3 (full 0):
 PSYoungGen      total 38400K, used 38386K [0x00000000d5b00000, 0x00000000da600000, 0x0000000100000000)
  eden space 33280K, 100% used [0x00000000d5b00000,0x00000000d7b80000,0x00000000d7b80000)
  from space 5120K, 99% used [0x00000000d8080000,0x00000000d857c8b8,0x00000000d8580000)
  to   space 5120K, 0% used [0x00000000d7b80000,0x00000000d7b80000,0x00000000d8080000)
 ParOldGen       total 87552K, used 11239K [0x0000000081000000, 0x0000000086580000, 0x00000000d5b00000)
  object space 87552K, 12% used [0x0000000081000000,0x0000000081af9da0,0x0000000086580000)
 Metaspace       used 12145K, capacity 12244K, committed 12416K, reserved 1060864K
  class space    used 1525K, capacity 1558K, committed 1664K, reserved 1048576K
Event: 1.496 GC heap after
Heap after GC invocations=3 (full 0):
 PSYoungGen      total 38400K, used 5090K [0x00000000d5b00000, 0x00000000da600000, 0x0000000100000000)
  eden space 33280K, 0% used [0x00000000d5b00000,0x00000000d5b00000,0x00000000d7b80000)
  from space 5120K, 99% used [0x00000000d7b80000,0x00000000d80788c8,0x00000000d8080000)
  to   space 5120K, 0% used [0x00000000da100000,0x00000000da100000,0x00000000da600000)
 ParOldGen       total 87552K, used 17562K [0x0000000081000000, 0x0000000086580000, 0x00000000d5b00000)
  object space 87552K, 20% used [0x0000000081000000,0x0000000082126820,0x0000000086580000)
 Metaspace       used 12145K, capacity 12244K, committed 12416K, reserved 1060864K
  class space    used 1525K, capacity 1558K, committed 1664K, reserved 1048576K
}
Event: 2.061 GC heap before
{Heap before GC invocations=4 (full 0):
 PSYoungGen      total 38400K, used 38370K [0x00000000d5b00000, 0x00000000da600000, 0x0000000100000000)
  eden space 33280K, 100% used [0x00000000d5b00000,0x00000000d7b80000,0x00000000d7b80000)
  from space 5120K, 99% used [0x00000000d7b80000,0x00000000d80788c8,0x00000000d8080000)
  to   space 5120K, 0% used [0x00000000da100000,0x00000000da100000,0x00000000da600000)
 ParOldGen       total 87552K, used 17562K [0x0000000081000000, 0x0000000086580000, 0x00000000d5b00000)
  object space 87552K, 20% used [0x0000000081000000,0x0000000082126820,0x0000000086580000)
 Metaspace       used 16461K, capacity 16554K, committed 16768K, reserved 1064960K
  class space    used 2136K, capacity 2175K, committed 2176K, reserved 1048576K
Event: 2.072 GC heap after
Heap after GC invocations=4 (full 0):
 PSYoungGen      total 71680K, used 5088K [0x00000000d5b00000, 0x00000000da600000, 0x0000000100000000)
  eden space 66560K, 0% used [0x00000000d5b00000,0x00000000d5b00000,0x00000000d9c00000)
  from space 5120K, 99% used [0x00000000da100000,0x00000000da5f8040,0x00000000da600000)
  to   space 5120K, 0% used [0x00000000d9c00000,0x00000000d9c00000,0x00000000da100000)
 ParOldGen       total 87552K, used 24038K [0x0000000081000000, 0x0000000086580000, 0x00000000d5b00000)
  object space 87552K, 27% used [0x0000000081000000,0x0000000082779b98,0x0000000086580000)
 Metaspace       used 16461K, capacity 16554K, committed 16768K, reserved 1064960K
  class space    used 2136K, capacity 2175K, committed 2176K, reserved 1048576K
}
Event: 2.908 GC heap before
{Heap before GC invocations=5 (full 0):
 PSYoungGen      total 71680K, used 58229K [0x00000000d5b00000, 0x00000000da600000, 0x0000000100000000)
  eden space 66560K, 79% used [0x00000000d5b00000,0x00000000d8ee5638,0x00000000d9c00000)
  from space 5120K, 99% used [0x00000000da100000,0x00000000da5f8040,0x00000000da600000)
  to   space 5120K, 0% used [0x00000000d9c00000,0x00000000d9c00000,0x00000000da100000)
 ParOldGen       total 87552K, used 24038K [0x0000000081000000, 0x0000000086580000, 0x00000000d5b00000)
  object space 87552K, 27% used [0x0000000081000000,0x0000000082779b98,0x0000000086580000)
 Metaspace       used 20843K, capacity 21080K, committed 21248K, reserved 1067008K
  class space    used 2630K, capacity 2704K, committed 2816K, reserved 1048576K
Event: 2.922 GC heap after
Heap after GC invocations=5 (full 0):
 PSYoungGen      total 71680K, used 5104K [0x00000000d5b00000, 0x00000000df900000, 0x0000000100000000)
  eden space 66560K, 0% used [0x00000000d5b00000,0x00000000d5b00000,0x00000000d9c00000)
  from space 5120K, 99% used [0x00000000d9c00000,0x00000000da0fc040,0x00000000da100000)
  to   space 14336K, 0% used [0x00000000deb00000,0x00000000deb00000,0x00000000df900000)
 ParOldGen       total 87552K, used 29563K [0x0000000081000000, 0x0000000086580000, 0x00000000d5b00000)
  object space 87552K, 33% used [0x0000000081000000,0x0000000082cdecf0,0x0000000086580000)
 Metaspace       used 20843K, capacity 21080K, committed 21248K, reserved 1067008K
  class space    used 2630K, capacity 2704K, committed 2816K, reserved 1048576K
}
Event: 2.922 GC heap before
{Heap before GC invocations=6 (full 1):
 PSYoungGen      total 71680K, used 5104K [0x00000000d5b00000, 0x00000000df900000, 0x0000000100000000)
  eden space 66560K, 0% used [0x00000000d5b00000,0x00000000d5b00000,0x00000000d9c00000)
  from space 5120K, 99% used [0x00000000d9c00000,0x00000000da0fc040,0x00000000da100000)
  to   space 14336K, 0% used [0x00000000deb00000,0x00000000deb00000,0x00000000df900000)
 ParOldGen       total 87552K, used 29563K [0x0000000081000000, 0x0000000086580000, 0x00000000d5b00000)
  object space 87552K, 33% used [0x0000000081000000,0x0000000082cdecf0,0x0000000086580000)
 Metaspace       used 20843K, capacity 21080K, committed 21248K, reserved 1067008K
  class space    used 2630K, capacity 2704K, committed 2816K, reserved 1048576K
Event: 2.987 GC heap after
Heap after GC invocations=6 (full 1):
 PSYoungGen      total 71680K, used 0K [0x00000000d5b00000, 0x00000000df900000, 0x0000000100000000)
  eden space 66560K, 0% used [0x00000000d5b00000,0x00000000d5b00000,0x00000000d9c00000)
  from space 5120K, 0% used [0x00000000d9c00000,0x00000000d9c00000,0x00000000da100000)
  to   space 14336K, 0% used [0x00000000deb00000,0x00000000deb00000,0x00000000df900000)
 ParOldGen       total 82432K, used 21677K [0x0000000081000000, 0x0000000086080000, 0x00000000d5b00000)
  object space 82432K, 26% used [0x0000000081000000,0x000000008252b780,0x0000000086080000)
 Metaspace       used 20843K, capacity 21080K, committed 21248K, reserved 1067008K
  class space    used 2630K, capacity 2704K, committed 2816K, reserved 1048576K
}

